TN:
SF:src\components\PaymentModal\PaymentModal.tsx
FN:8,PaymentModal
FN:19,handleOverlayClick
FN:44,onClick
FNF:3
FNH:3
FNDA:6,PaymentModal
FNDA:4,handleOverlayClick
FNDA:1,onClick
DA:1,1
DA:2,1
DA:3,1
DA:4,1
DA:5,1
DA:6,1
DA:7,1
DA:8,1
DA:9,6
DA:10,6
DA:11,6
DA:12,6
DA:13,6
DA:14,6
DA:15,5
DA:16,5
DA:17,6
DA:18,6
DA:19,6
DA:20,4
DA:21,1
DA:22,1
DA:23,4
DA:24,6
DA:25,6
DA:26,5
DA:27,5
DA:28,5
DA:29,5
DA:30,5
DA:31,5
DA:32,5
DA:33,5
DA:34,5
DA:35,5
DA:36,5
DA:37,5
DA:38,5
DA:39,5
DA:40,5
DA:41,5
DA:42,5
DA:43,5
DA:44,5
DA:45,1
DA:46,1
DA:47,1
DA:48,1
DA:49,1
DA:50,1
DA:51,1
DA:52,5
DA:53,5
DA:54,5
DA:55,5
DA:56,5
DA:57,5
DA:58,5
DA:59,1
DA:60,1
LF:60
LH:60
BRDA:8,0,0,6
BRDA:25,1,0,1
BRDA:25,2,0,5
BRDA:13,3,0,6
BRDA:14,4,0,1
BRDA:14,5,0,5
BRDA:16,6,0,5
BRDA:19,7,0,4
BRDA:20,8,0,1
BRDA:44,9,0,1
BRF:10
BRH:10
end_of_record
